{
  "uid" : "8099d0d8363f9835",
  "name" : "test_broken",
  "fullName" : "tests.test_dry_run.TestClass#test_broken",
  "historyId" : "c4e86f8ca96069e97b9f0b1f90f0f6a8",
  "time" : {
    "start" : 1617978534834,
    "stop" : 1617978534834,
    "duration" : 0
  },
  "status" : "broken",
  "statusMessage" : "Exception: oops",
  "statusTrace" : "self = <test_dry_run.TestClass object at 0x7f25395beca0>\n\n    def test_broken(self):\n>       raise Exception('oops')\nE       Exception: oops\n\ntests/test_dry_run.py:24: Exception",
  "flaky" : false,
  "newFailed" : false,
  "beforeStages" : [ ],
  "afterStages" : [ ],
  "labels" : [ {
    "name" : "parentSuite",
    "value" : "tests"
  }, {
    "name" : "suite",
    "value" : "test_dry_run"
  }, {
    "name" : "subSuite",
    "value" : "TestClass"
  }, {
    "name" : "host",
    "value" : "travis-job-36736ccf-3c10-49c1-a9a7-4866888d0f5e"
  }, {
    "name" : "thread",
    "value" : "3660-MainThread"
  }, {
    "name" : "framework",
    "value" : "pytest"
  }, {
    "name" : "language",
    "value" : "cpython3"
  }, {
    "name" : "package",
    "value" : "tests.test_dry_run"
  }, {
    "name" : "resultFormat",
    "value" : "allure2"
  } ],
  "parameters" : [ ],
  "links" : [ ],
  "hidden" : false,
  "retry" : false,
  "extra" : {
    "severity" : "normal",
    "retries" : [ ],
    "categories" : [ {
      "name" : "Test defects",
      "matchedStatuses" : [ ],
      "flaky" : false
    } ],
    "tags" : [ ]
  },
  "source" : "8099d0d8363f9835.json",
  "parameterValues" : [ ]
}