{
  "uid" : "b822ca9705a0bf",
  "name" : "test_failure",
  "fullName" : "tests.test_dry_run.TestClass#test_failure",
  "historyId" : "e2362e3e80af77e3bb14bab78ede84b8",
  "time" : {
    "start" : 1617978534814,
    "stop" : 1617978534814,
    "duration" : 0
  },
  "description" : "this test fails",
  "descriptionHtml" : "<p>this test fails</p>\n",
  "status" : "failed",
  "statusMessage" : "AssertionError: assert False",
  "statusTrace" : "self = <test_dry_run.TestClass object at 0x7f2539605550>\n\n    def test_failure(self):\n        \"\"\"this test fails\"\"\"\n>       assert False\nE       assert False\n\ntests/test_dry_run.py:15: AssertionError",
  "flaky" : false,
  "newFailed" : false,
  "beforeStages" : [ ],
  "afterStages" : [ ],
  "labels" : [ {
    "name" : "parentSuite",
    "value" : "tests"
  }, {
    "name" : "suite",
    "value" : "test_dry_run"
  }, {
    "name" : "subSuite",
    "value" : "TestClass"
  }, {
    "name" : "host",
    "value" : "travis-job-36736ccf-3c10-49c1-a9a7-4866888d0f5e"
  }, {
    "name" : "thread",
    "value" : "3660-MainThread"
  }, {
    "name" : "framework",
    "value" : "pytest"
  }, {
    "name" : "language",
    "value" : "cpython3"
  }, {
    "name" : "package",
    "value" : "tests.test_dry_run"
  }, {
    "name" : "resultFormat",
    "value" : "allure2"
  } ],
  "parameters" : [ ],
  "links" : [ ],
  "hidden" : false,
  "retry" : false,
  "extra" : {
    "severity" : "normal",
    "retries" : [ ],
    "categories" : [ {
      "name" : "Product defects",
      "matchedStatuses" : [ ],
      "flaky" : false
    } ],
    "tags" : [ ]
  },
  "source" : "b822ca9705a0bf.json",
  "parameterValues" : [ ]
}